ZeroKinetics/android/app/build/intermediates/manifest_merge_blame_file/debug/processDebugMainManifest/manifest-merger-blame-debug-report.txt
1<?xml version="1.0" encoding="utf-8"?>
2<manifest xmlns:android="http://schemas.android.com/apk/res/android"
3    package="com.zerokinetics.app"
4    android:versionCode="1"
5    android:versionName="1.0.0" >
6
7    <uses-sdk
8        android:minSdkVersion="26"
9        android:targetSdkVersion="34" />
10
11    <uses-permission android:name="android.permission.INTERNET" />
11-->src/main/AndroidManifest.xml:5:5-67
11-->src/main/AndroidManifest.xml:5:22-64
12    <uses-permission android:name="android.permission.ACCESS_NETWORK_STATE" />
12-->src/main/AndroidManifest.xml:6:5-79
12-->src/main/AndroidManifest.xml:6:22-76
13    <uses-permission android:name="android.permission.HIGH_SAMPLING_RATE_SENSORS" />
13-->src/main/AndroidManifest.xml:7:5-85
13-->src/main/AndroidManifest.xml:7:22-82
14    <uses-permission android:name="android.permission.ACCESS_WIFI_STATE" />
14-->src/main/AndroidManifest.xml:8:5-76
14-->src/main/AndroidManifest.xml:8:22-73
15    <uses-permission android:name="android.permission.ACCESS_FINE_LOCATION" />
15-->src/main/AndroidManifest.xml:9:5-79
15-->src/main/AndroidManifest.xml:9:22-76
16
17    <!-- Sensor features -->
18    <uses-feature
18-->src/main/AndroidManifest.xml:12:5-98
19        android:name="android.hardware.sensor.accelerometer"
19-->src/main/AndroidManifest.xml:12:19-71
20        android:required="true" />
20-->src/main/AndroidManifest.xml:12:72-95
21    <uses-feature
21-->src/main/AndroidManifest.xml:13:5-94
22        android:name="android.hardware.sensor.gyroscope"
22-->src/main/AndroidManifest.xml:13:19-67
23        android:required="true" />
23-->src/main/AndroidManifest.xml:13:68-91
24
25    <permission
25-->[androidx.core:core:1.12.0] AndroidManifest.xml:22:5-24:47
26        android:name="com.zerokinetics.app.DYNAMIC_RECEIVER_NOT_EXPORTED_PERMISSION"
26-->[androidx.core:core:1.12.0] AndroidManifest.xml:23:9-81
27        android:protectionLevel="signature" />
27-->[androidx.core:core:1.12.0] AndroidManifest.xml:24:9-44
28
29    <uses-permission android:name="com.zerokinetics.app.DYNAMIC_RECEIVER_NOT_EXPORTED_PERMISSION" />
29-->[androidx.core:core:1.12.0] AndroidManifest.xml:26:5-97
29-->[androidx.core:core:1.12.0] AndroidManifest.xml:26:22-94
30
31    <application
31-->src/main/AndroidManifest.xml:15:5-46:19
32        android:name="com.zerokinetics.app.ZeroKineticsApp"
32-->src/main/AndroidManifest.xml:16:9-40
33        android:allowBackup="false"
33-->src/main/AndroidManifest.xml:17:9-36
34        android:appComponentFactory="androidx.core.app.CoreComponentFactory"
34-->[androidx.core:core:1.12.0] AndroidManifest.xml:28:18-86
35        android:debuggable="true"
36        android:extractNativeLibs="false"
37        android:icon="@mipmap/ic_launcher"
37-->src/main/AndroidManifest.xml:18:9-43
38        android:label="@string/app_name"
38-->src/main/AndroidManifest.xml:19:9-41
39        android:roundIcon="@mipmap/ic_launcher_round"
39-->src/main/AndroidManifest.xml:20:9-54
40        android:supportsRtl="true"
40-->src/main/AndroidManifest.xml:21:9-35
41        android:testOnly="true"
42        android:theme="@style/Theme.ZeroKinetics"
42-->src/main/AndroidManifest.xml:22:9-50
43        android:usesCleartextTraffic="true" >
43-->src/main/AndroidManifest.xml:23:9-44
44        <activity
44-->src/main/AndroidManifest.xml:26:9-34:20
45            android:name="com.zerokinetics.app.ui.splash.SplashActivity"
45-->src/main/AndroidManifest.xml:27:13-53
46            android:exported="true"
46-->src/main/AndroidManifest.xml:28:13-36
47            android:theme="@style/Theme.ZeroKinetics.Splash" >
47-->src/main/AndroidManifest.xml:29:13-61
48            <intent-filter>
48-->src/main/AndroidManifest.xml:30:13-33:29
49                <action android:name="android.intent.action.MAIN" />
49-->src/main/AndroidManifest.xml:31:17-69
49-->src/main/AndroidManifest.xml:31:25-66
50
51                <category android:name="android.intent.category.LAUNCHER" />
51-->src/main/AndroidManifest.xml:32:17-77
51-->src/main/AndroidManifest.xml:32:27-74
52            </intent-filter>
53        </activity>
54        <activity
54-->src/main/AndroidManifest.xml:36:9-84
55            android:name="com.zerokinetics.app.ui.auth.LoginActivity"
55-->src/main/AndroidManifest.xml:36:19-56
56            android:exported="false" />
56-->src/main/AndroidManifest.xml:36:57-81
57        <activity
57-->src/main/AndroidManifest.xml:37:9-87
58            android:name="com.zerokinetics.app.ui.auth.RegisterActivity"
58-->src/main/AndroidManifest.xml:37:19-59
59            android:exported="false" />
59-->src/main/AndroidManifest.xml:37:60-84
60        <activity
60-->src/main/AndroidManifest.xml:38:9-94
61            android:name="com.zerokinetics.app.ui.auth.FacultyRegisterActivity"
61-->src/main/AndroidManifest.xml:38:19-66
62            android:exported="false" />
62-->src/main/AndroidManifest.xml:38:67-91
63        <activity
63-->src/main/AndroidManifest.xml:39:9-95
64            android:name="com.zerokinetics.app.ui.gesture.GestureEnrollActivity"
64-->src/main/AndroidManifest.xml:39:19-67
65            android:exported="false" />
65-->src/main/AndroidManifest.xml:39:68-92
66        <activity
66-->src/main/AndroidManifest.xml:40:9-95
67            android:name="com.zerokinetics.app.ui.gesture.GestureVerifyActivity"
67-->src/main/AndroidManifest.xml:40:19-67
68            android:exported="false" />
68-->src/main/AndroidManifest.xml:40:68-92
69        <activity
69-->src/main/AndroidManifest.xml:41:9-93
70            android:name="com.zerokinetics.app.ui.dashboard.DashboardActivity"
70-->src/main/AndroidManifest.xml:41:19-65
71            android:exported="false" />
71-->src/main/AndroidManifest.xml:41:66-90
72        <activity
72-->src/main/AndroidManifest.xml:42:9-98
73            android:name="com.zerokinetics.app.ui.faculty.FacultyDashboardActivity"
73-->src/main/AndroidManifest.xml:42:19-70
74            android:exported="false" />
74-->src/main/AndroidManifest.xml:42:71-95
75        <activity
75-->src/main/AndroidManifest.xml:43:9-99
76            android:name="com.zerokinetics.app.ui.faculty.SessionAttendanceActivity"
76-->src/main/AndroidManifest.xml:43:19-71
77            android:exported="false" />
77-->src/main/AndroidManifest.xml:43:72-96
78        <activity
78-->src/main/AndroidManifest.xml:44:9-93
79            android:name="com.zerokinetics.app.ui.session.JoinSessionActivity"
79-->src/main/AndroidManifest.xml:44:19-65
80            android:exported="false" />
80-->src/main/AndroidManifest.xml:44:66-90
81
82        <provider
82-->[androidx.emoji2:emoji2:1.2.0] AndroidManifest.xml:24:9-32:20
83            android:name="androidx.startup.InitializationProvider"
83-->[androidx.emoji2:emoji2:1.2.0] AndroidManifest.xml:25:13-67
84            android:authorities="com.zerokinetics.app.androidx-startup"
84-->[androidx.emoji2:emoji2:1.2.0] AndroidManifest.xml:26:13-68
85            android:exported="false" >
85-->[androidx.emoji2:emoji2:1.2.0] AndroidManifest.xml:27:13-37
86            <meta-data
86-->[androidx.emoji2:emoji2:1.2.0] AndroidManifest.xml:29:13-31:52
87                android:name="androidx.emoji2.text.EmojiCompatInitializer"
87-->[androidx.emoji2:emoji2:1.2.0] AndroidManifest.xml:30:17-75
88                android:value="androidx.startup" />
88-->[androidx.emoji2:emoji2:1.2.0] AndroidManifest.xml:31:17-49
89            <meta-data
89-->[androidx.lifecycle:lifecycle-process:2.7.0] AndroidManifest.xml:29:13-31:52
90                android:name="androidx.lifecycle.ProcessLifecycleInitializer"
90-->[androidx.lifecycle:lifecycle-process:2.7.0] AndroidManifest.xml:30:17-78
91                android:value="androidx.startup" />
91-->[androidx.lifecycle:lifecycle-process:2.7.0] AndroidManifest.xml:31:17-49
92            <meta-data
92-->[androidx.profileinstaller:profileinstaller:1.3.0] AndroidManifest.xml:29:13-31:52
93                android:name="androidx.profileinstaller.ProfileInstallerInitializer"
93-->[androidx.profileinstaller:profileinstaller:1.3.0] AndroidManifest.xml:30:17-85
94                android:value="androidx.startup" />
94-->[androidx.profileinstaller:profileinstaller:1.3.0] AndroidManifest.xml:31:17-49
95        </provider>
96
97        <receiver
97-->[androidx.profileinstaller:profileinstaller:1.3.0] AndroidManifest.xml:34:9-52:20
98            android:name="androidx.profileinstaller.ProfileInstallReceiver"
98-->[androidx.profileinstaller:profileinstaller:1.3.0] AndroidManifest.xml:35:13-76
99            android:directBootAware="false"
99-->[androidx.profileinstaller:profileinstaller:1.3.0] AndroidManifest.xml:36:13-44
100            android:enabled="true"
100-->[androidx.profileinstaller:profileinstaller:1.3.0] AndroidManifest.xml:37:13-35
101            android:exported="true"
101-->[androidx.profileinstaller:profileinstaller:1.3.0] AndroidManifest.xml:38:13-36
102            android:permission="android.permission.DUMP" >
102-->[androidx.profileinstaller:profileinstaller:1.3.0] AndroidManifest.xml:39:13-57
103            <intent-filter>
103-->[androidx.profileinstaller:profileinstaller:1.3.0] AndroidManifest.xml:40:13-42:29
104                <action android:name="androidx.profileinstaller.action.INSTALL_PROFILE" />
104-->[androidx.profileinstaller:profileinstaller:1.3.0] AndroidManifest.xml:41:17-91
104-->[androidx.profileinstaller:profileinstaller:1.3.0] AndroidManifest.xml:41:25-88
105            </intent-filter>
106            <intent-filter>
106-->[androidx.profileinstaller:profileinstaller:1.3.0] AndroidManifest.xml:43:13-45:29
107                <action android:name="androidx.profileinstaller.action.SKIP_FILE" />
107-->[androidx.profileinstaller:profileinstaller:1.3.0] AndroidManifest.xml:44:17-85
107-->[androidx.profileinstaller:profileinstaller:1.3.0] AndroidManifest.xml:44:25-82
108            </intent-filter>
109            <intent-filter>
109-->[androidx.profileinstaller:profileinstaller:1.3.0] AndroidManifest.xml:46:13-48:29
110                <action android:name="androidx.profileinstaller.action.SAVE_PROFILE" />
110-->[androidx.profileinstaller:profileinstaller:1.3.0] AndroidManifest.xml:47:17-88
110-->[androidx.profileinstaller:profileinstaller:1.3.0] AndroidManifest.xml:47:25-85
111            </intent-filter>
112            <intent-filter>
112-->[androidx.profileinstaller:profileinstaller:1.3.0] AndroidManifest.xml:49:13-51:29
113                <action android:name="androidx.profileinstaller.action.BENCHMARK_OPERATION" />
113-->[androidx.profileinstaller:profileinstaller:1.3.0] AndroidManifest.xml:50:17-95
113-->[androidx.profileinstaller:profileinstaller:1.3.0] AndroidManifest.xml:50:25-92
114            </intent-filter>
115        </receiver>
116    </application>
117
118</manifest>